<?xml version="1.0" encoding="UTF-8"?>
<testng-results skipped="0" failed="0" total="2" passed="2">
  <reporter-output>
  </reporter-output>
  <suite name="Default suite" duration-ms="19475" started-at="2014-10-15T18:43:39Z" finished-at="2014-10-15T18:43:58Z">
    <groups>
    </groups>
    <test name="Default test" duration-ms="19475" started-at="2014-10-15T18:43:39Z" finished-at="2014-10-15T18:43:58Z">
      <class name="com.example.tests.CreateNewGroupTest">
        <test-method status="PASS" signature="testNonEmptyGroupCreation()[pri:0, instance:com.example.tests.CreateNewGroupTest@277e07ae]" name="testNonEmptyGroupCreation" duration-ms="4300" started-at="2014-10-15T22:43:52Z" finished-at="2014-10-15T22:43:56Z">
          <reporter-output>
          </reporter-output>
        </test-method> <!-- testNonEmptyGroupCreation -->
      </class> <!-- com.example.tests.CreateNewGroupTest -->
      <class name="com.example.tests.AlsoCreateNewGroupTest">
        <test-method status="PASS" signature="setUp()[pri:0, instance:com.example.tests.AlsoCreateNewGroupTest@275f1c40]" name="setUp" is-config="true" duration-ms="13270" started-at="2014-10-15T22:43:39Z" finished-at="2014-10-15T22:43:52Z">
          <reporter-output>
          </reporter-output>
        </test-method> <!-- setUp -->
        <test-method status="PASS" signature="testEmptyGroupCreation()[pri:0, instance:com.example.tests.AlsoCreateNewGroupTest@275f1c40]" name="testEmptyGroupCreation" duration-ms="1549" started-at="2014-10-15T22:43:56Z" finished-at="2014-10-15T22:43:58Z">
          <reporter-output>
          </reporter-output>
        </test-method> <!-- testEmptyGroupCreation -->
        <test-method status="PASS" signature="tearDown()[pri:0, instance:com.example.tests.AlsoCreateNewGroupTest@275f1c40]" name="tearDown" is-config="true" duration-ms="324" started-at="2014-10-15T22:43:58Z" finished-at="2014-10-15T22:43:58Z">
          <reporter-output>
          </reporter-output>
        </test-method> <!-- tearDown -->
      </class> <!-- com.example.tests.AlsoCreateNewGroupTest -->
    </test> <!-- Default test -->
  </suite> <!-- Default suite -->
</testng-results>
